2018-04-28 09:29:14 INFO  JavaRushTasksProjectComponent.projectOpened(68) - ---------- Project JavaRushTasks opened ----------
2018-04-28 09:29:14 INFO  JavaRushTasksProjectComponent.projectOpened(69) - ---------- Version 3.17 ----------

2018-04-28 09:29:14 WARN  JavaRushTasksProjectComponent.setAutoscrolls(347) - Ошибка установки autoscrolls
2018-04-28 09:29:15 INFO  ApacheHttpClient.login(225) - Ожидание ответа сервера.
2018-04-28 09:29:15 INFO  ApacheHttpClient.login(225) - Ожидание ответа сервера.
2018-04-28 09:29:15 INFO  ApacheHttpClient.login(229) - responseCode = 200
2018-04-28 09:29:15 INFO  ApacheHttpClient.login(260) - JSESSIONID=37B11974347FF114DD1A30C2E879CCD4
2018-04-28 09:29:15 INFO  ApacheHttpClient.refreshUserInfo(288) - responseCode = 200
2018-04-28 09:29:15 INFO  ApacheHttpClient.refreshUserInfo(294) - Информация о пользователе получена.
2018-04-28 09:29:15 INFO  ApacheHttpClient.startGA(31) - GAService запущен.
2018-04-28 09:29:15 INFO  AbstractRestApiClient.startService(70) - EventsService запущен.
2018-04-28 09:29:26 INFO  ApacheHttpClient.getWebResourceAsStream(436) - responseCode = 200
2018-04-28 09:29:27 INFO  ApacheHttpClient.getFilteredTasks(323) - responseCode = 200
2018-04-28 09:29:33 INFO  ApacheHttpClient.getFilteredTasks(323) - responseCode = 200
2018-04-28 09:29:42 INFO  ApacheHttpClient.getTaskTemplateInfo(340) - responseCode = 200
2018-04-28 09:29:42 INFO  ApacheHttpClient.testConnection(187) - responseCode = 200
2018-04-28 09:29:42 INFO  ApacheHttpClient.testConnection(195) - result = true
2018-04-28 09:29:42 INFO  ApacheHttpClient.testConnection(187) - responseCode = 200
2018-04-28 09:29:42 INFO  ApacheHttpClient.testConnection(195) - result = true
2018-04-28 09:29:43 INFO  ApacheHttpClient.getWebResourceAsStream(436) - responseCode = 200
2018-04-28 09:30:04 INFO  ApacheHttpClient.getWebResourceAsStream(436) - responseCode = 200
2018-04-28 09:30:04 INFO  ApacheHttpClient.getTask(421) - responseCode = 200
2018-04-28 09:30:04 INFO  ApacheHttpClient.getWebResourceAsStream(436) - responseCode = 200
2018-04-28 09:30:06 INFO  ApacheHttpClient.completed(27) - responseCode = 200
2018-04-28 09:30:16 INFO  ApacheHttpClient.sendEvent(469) - responseCode = 200
2018-04-28 09:31:16 INFO  ApacheHttpClient.sendEvent(469) - responseCode = 200
2018-04-28 09:32:16 INFO  ApacheHttpClient.sendEvent(469) - responseCode = 200
2018-04-28 09:32:37 INFO  ApacheHttpClient.getWebResourceAsStream(436) - responseCode = 200
2018-04-28 09:32:38 INFO  ApacheHttpClient.getTask(421) - responseCode = 200
2018-04-28 09:32:38 INFO  ApacheHttpClient.getWebResourceAsStream(436) - responseCode = 200
2018-04-28 09:32:39 INFO  ApacheHttpClient.completed(27) - responseCode = 200
2018-04-28 09:32:39 INFO  ApacheHttpClient.getTask(421) - responseCode = 200
2018-04-28 09:33:16 INFO  ApacheHttpClient.sendEvent(469) - responseCode = 200
2018-04-28 09:34:16 INFO  ApacheHttpClient.sendEvent(469) - responseCode = 200
2018-04-28 09:35:16 INFO  ApacheHttpClient.sendEvent(469) - responseCode = 200
2018-04-28 09:36:16 INFO  ApacheHttpClient.sendEvent(469) - responseCode = 200
2018-04-28 09:37:16 INFO  ApacheHttpClient.sendEvent(469) - responseCode = 200
2018-04-28 09:38:16 INFO  ApacheHttpClient.sendEvent(469) - responseCode = 200
2018-04-28 09:39:16 INFO  ApacheHttpClient.sendEvent(469) - responseCode = 200
2018-04-28 09:40:16 INFO  ApacheHttpClient.sendEvent(469) - responseCode = 200
2018-04-28 09:41:16 INFO  ApacheHttpClient.sendEvent(469) - responseCode = 200
2018-04-28 09:42:16 INFO  ApacheHttpClient.sendEvent(469) - responseCode = 200
2018-04-28 09:43:16 INFO  ApacheHttpClient.sendEvent(469) - responseCode = 200
2018-04-28 09:44:16 INFO  ApacheHttpClient.sendEvent(469) - responseCode = 200
2018-04-28 09:45:16 INFO  ApacheHttpClient.sendEvent(469) - responseCode = 200
2018-04-28 09:46:16 INFO  ApacheHttpClient.sendEvent(469) - responseCode = 200
2018-04-28 09:47:16 INFO  ApacheHttpClient.sendEvent(469) - responseCode = 200
2018-04-28 09:48:16 INFO  ApacheHttpClient.sendEvent(469) - responseCode = 200
2018-04-28 09:49:16 INFO  ApacheHttpClient.sendEvent(469) - responseCode = 200
2018-04-28 09:49:40 INFO  ApacheHttpClient.getWebResourceAsStream(436) - responseCode = 200
2018-04-28 09:49:41 INFO  ApacheHttpClient.getFilteredTasks(323) - responseCode = 200
2018-04-28 09:49:47 INFO  ApacheHttpClient.getTaskTemplateInfo(340) - responseCode = 200
2018-04-28 09:49:47 INFO  ApacheHttpClient.testConnection(187) - responseCode = 200
2018-04-28 09:49:47 INFO  ApacheHttpClient.testConnection(195) - result = true
2018-04-28 09:49:47 INFO  ApacheHttpClient.testConnection(187) - responseCode = 200
2018-04-28 09:49:47 INFO  ApacheHttpClient.testConnection(195) - result = true
2018-04-28 09:49:48 INFO  ApacheHttpClient.getWebResourceAsStream(436) - responseCode = 200
2018-04-28 09:50:16 INFO  ApacheHttpClient.sendEvent(469) - responseCode = 200
2018-04-28 09:51:16 INFO  ApacheHttpClient.sendEvent(469) - responseCode = 200
2018-04-28 09:52:16 INFO  ApacheHttpClient.sendEvent(469) - responseCode = 200
2018-04-28 09:53:16 INFO  ApacheHttpClient.sendEvent(469) - responseCode = 200
2018-04-28 09:54:16 INFO  ApacheHttpClient.sendEvent(469) - responseCode = 200
2018-04-28 09:55:16 INFO  ApacheHttpClient.sendEvent(469) - responseCode = 200
2018-04-28 09:56:16 INFO  ApacheHttpClient.sendEvent(469) - responseCode = 200
2018-04-28 09:57:16 INFO  ApacheHttpClient.sendEvent(469) - responseCode = 200
2018-04-28 09:58:16 INFO  ApacheHttpClient.sendEvent(469) - responseCode = 200
2018-04-28 09:59:16 INFO  ApacheHttpClient.sendEvent(469) - responseCode = 200
2018-04-28 10:00:16 INFO  ApacheHttpClient.sendEvent(469) - responseCode = 200
2018-04-28 10:01:16 INFO  ApacheHttpClient.sendEvent(469) - responseCode = 200
2018-04-28 10:02:16 INFO  ApacheHttpClient.sendEvent(469) - responseCode = 200
2018-04-28 10:03:16 INFO  ApacheHttpClient.sendEvent(469) - responseCode = 200
2018-04-28 10:04:16 INFO  ApacheHttpClient.sendEvent(469) - responseCode = 200
2018-04-28 10:04:51 INFO  ApacheHttpClient.getWebResourceAsStream(436) - responseCode = 200
2018-04-28 10:04:52 INFO  ApacheHttpClient.getTask(421) - responseCode = 200
2018-04-28 10:04:52 INFO  ApacheHttpClient.getWebResourceAsStream(436) - responseCode = 200
2018-04-28 10:04:53 INFO  ApacheHttpClient.completed(27) - responseCode = 200
2018-04-28 10:04:54 INFO  ApacheHttpClient.getTask(421) - responseCode = 200
2018-04-28 10:05:16 INFO  ApacheHttpClient.sendEvent(469) - responseCode = 200
2018-04-28 10:06:16 INFO  ApacheHttpClient.sendEvent(469) - responseCode = 200
2018-04-28 10:07:16 INFO  ApacheHttpClient.sendEvent(469) - responseCode = 200
2018-04-28 10:07:32 INFO  ApacheHttpClient.getWebResourceAsStream(436) - responseCode = 200
2018-04-28 10:07:33 INFO  ApacheHttpClient.getFilteredTasks(323) - responseCode = 200
2018-04-28 10:07:34 INFO  ApacheHttpClient.getTaskTemplateInfo(340) - responseCode = 200
2018-04-28 10:07:35 INFO  ApacheHttpClient.testConnection(187) - responseCode = 200
2018-04-28 10:07:35 INFO  ApacheHttpClient.testConnection(195) - result = true
2018-04-28 10:07:35 INFO  ApacheHttpClient.testConnection(187) - responseCode = 200
2018-04-28 10:07:35 INFO  ApacheHttpClient.testConnection(195) - result = true
2018-04-28 10:07:36 INFO  ApacheHttpClient.getWebResourceAsStream(436) - responseCode = 200
2018-04-28 10:08:16 INFO  ApacheHttpClient.sendEvent(469) - responseCode = 200
2018-04-28 10:09:16 INFO  ApacheHttpClient.sendEvent(469) - responseCode = 200
2018-04-28 10:09:33 INFO  ApacheHttpClient.testConnection(187) - responseCode = 200
2018-04-28 10:09:33 INFO  ApacheHttpClient.testConnection(195) - result = true
2018-04-28 10:10:16 INFO  ApacheHttpClient.sendEvent(469) - responseCode = 200
2018-04-28 10:11:16 INFO  ApacheHttpClient.sendEvent(469) - responseCode = 200
2018-04-28 10:12:16 INFO  ApacheHttpClient.sendEvent(469) - responseCode = 200
2018-04-28 10:12:58 INFO  ApacheHttpClient.getWebResourceAsStream(436) - responseCode = 200
2018-04-28 10:12:59 INFO  ApacheHttpClient.getTask(421) - responseCode = 200
2018-04-28 10:13:00 INFO  ApacheHttpClient.getWebResourceAsStream(436) - responseCode = 200
2018-04-28 10:13:00 INFO  ApacheHttpClient.completed(27) - responseCode = 200
2018-04-28 10:13:00 INFO  ApacheHttpClient.getTask(421) - responseCode = 200
2018-04-28 10:13:16 INFO  ApacheHttpClient.sendEvent(469) - responseCode = 200
2018-04-28 10:14:04 INFO  ApacheHttpClient.getWebResourceAsStream(436) - responseCode = 200
2018-04-28 10:14:04 INFO  ApacheHttpClient.getFilteredTasks(323) - responseCode = 200
2018-04-28 10:14:06 INFO  ApacheHttpClient.getTaskTemplateInfo(340) - responseCode = 200
2018-04-28 10:14:07 INFO  ApacheHttpClient.testConnection(187) - responseCode = 200
2018-04-28 10:14:07 INFO  ApacheHttpClient.testConnection(195) - result = true
2018-04-28 10:14:07 INFO  ApacheHttpClient.testConnection(187) - responseCode = 200
2018-04-28 10:14:07 INFO  ApacheHttpClient.testConnection(195) - result = true
2018-04-28 10:14:07 INFO  ApacheHttpClient.getWebResourceAsStream(436) - responseCode = 200
2018-04-28 10:14:16 INFO  ApacheHttpClient.sendEvent(469) - responseCode = 200
2018-04-28 10:15:16 INFO  ApacheHttpClient.sendEvent(469) - responseCode = 200
2018-04-28 10:16:16 INFO  ApacheHttpClient.sendEvent(469) - responseCode = 200
2018-04-28 10:17:16 INFO  ApacheHttpClient.sendEvent(469) - responseCode = 200
2018-04-28 10:18:16 INFO  ApacheHttpClient.sendEvent(469) - responseCode = 200
2018-04-28 10:18:32 INFO  ApacheHttpClient.getWebResourceAsStream(436) - responseCode = 200
2018-04-28 10:18:33 INFO  ApacheHttpClient.getTask(421) - responseCode = 200
2018-04-28 10:18:34 INFO  ApacheHttpClient.getWebResourceAsStream(436) - responseCode = 200
2018-04-28 10:18:35 INFO  ApacheHttpClient.completed(27) - responseCode = 200
2018-04-28 10:19:16 INFO  ApacheHttpClient.sendEvent(469) - responseCode = 200
2018-04-28 10:19:22 INFO  ApacheHttpClient.getWebResourceAsStream(436) - responseCode = 200
2018-04-28 10:19:22 INFO  ApacheHttpClient.getTask(421) - responseCode = 200
2018-04-28 10:19:23 INFO  ApacheHttpClient.getWebResourceAsStream(436) - responseCode = 200
2018-04-28 10:19:23 INFO  ApacheHttpClient.completed(27) - responseCode = 200
2018-04-28 10:19:23 INFO  ApacheHttpClient.getTask(421) - responseCode = 200
2018-04-28 10:20:16 INFO  ApacheHttpClient.sendEvent(469) - responseCode = 200
2018-04-28 10:21:16 INFO  ApacheHttpClient.sendEvent(469) - responseCode = 200
2018-04-28 10:22:16 INFO  ApacheHttpClient.sendEvent(469) - responseCode = 200
2018-04-28 10:23:16 INFO  ApacheHttpClient.sendEvent(469) - responseCode = 200
2018-04-28 10:24:16 INFO  ApacheHttpClient.sendEvent(469) - responseCode = 200
2018-04-28 10:25:16 INFO  ApacheHttpClient.sendEvent(469) - responseCode = 200
2018-04-28 10:26:16 INFO  ApacheHttpClient.sendEvent(469) - responseCode = 200
2018-04-28 10:27:16 INFO  ApacheHttpClient.sendEvent(469) - responseCode = 200
2018-04-28 10:28:16 INFO  ApacheHttpClient.sendEvent(469) - responseCode = 200
2018-04-28 10:29:16 INFO  ApacheHttpClient.sendEvent(469) - responseCode = 200
2018-04-28 10:30:16 INFO  ApacheHttpClient.sendEvent(469) - responseCode = 200
2018-04-28 10:31:16 INFO  ApacheHttpClient.sendEvent(469) - responseCode = 200
2018-04-28 10:32:16 INFO  ApacheHttpClient.sendEvent(469) - responseCode = 200
2018-04-28 10:33:16 INFO  ApacheHttpClient.sendEvent(469) - responseCode = 200
2018-04-28 10:34:16 INFO  ApacheHttpClient.sendEvent(469) - responseCode = 200
2018-04-28 10:35:16 INFO  ApacheHttpClient.sendEvent(469) - responseCode = 200
2018-04-28 10:36:16 INFO  ApacheHttpClient.sendEvent(469) - responseCode = 200
2018-04-28 10:37:16 INFO  ApacheHttpClient.sendEvent(469) - responseCode = 200
2018-04-28 10:37:46 INFO  JavaRushTasksProjectComponent.projectClosing(165) - ---------- Project JavaRushTasks closed ----------

2018-04-28 10:37:46 INFO  ApacheHttpClient.getTask(421) - responseCode = 200
2018-04-28 10:37:46 INFO  ApacheHttpClient.getTask(421) - responseCode = 200
2018-04-28 10:37:46 INFO  ApacheHttpClient.getTask(421) - responseCode = 200
2018-04-28 10:37:47 INFO  ApacheHttpClient.getTask(421) - responseCode = 200
